2025-12-01 00:50:54 INFO ***************** Test_001_Login ********************
2025-12-01 00:50:54 INFO ***************** Verify Home Page Title ********************
2025-12-01 00:51:03 INFO ***************** Home Page Title is Pass ********************
2025-12-01 00:51:06 INFO ***************** Verify Login Test ********************
2025-12-01 00:51:19 INFO ***************** Login Test is Pass ********************
2025-12-01 00:51:24 INFO ***************** Verify invalid Login Test ********************
2025-12-01 00:51:38 INFO ***************** invalid Login Test is Pass ********************
2025-12-01 01:40:55 INFO ***************** Test_001_Login ********************
2025-12-01 01:40:55 INFO ***************** Verify Home Page Title ********************
2025-12-01 01:41:04 INFO ***************** Home Page Title is Pass ********************
2025-12-01 01:41:07 INFO ***************** Verify Login Test ********************
2025-12-01 01:41:20 INFO ***************** Login Test is Pass ********************
2025-12-01 01:41:25 INFO ***************** Verify invalid Login Test ********************
2025-12-01 01:41:37 INFO ***************** invalid Login Test is Pass ********************
2025-12-01 01:44:33 INFO ***************** Test_001_Login ********************
2025-12-01 01:44:33 INFO ***************** Verify Home Page Title ********************
2025-12-01 01:44:57 INFO ***************** Home Page Title is Pass ********************
2025-12-01 01:45:15 INFO ***************** Verify Login Test ********************
2025-12-01 01:45:35 INFO ***************** Login Test is Pass ********************
2025-12-01 01:45:59 INFO ***************** Verify invalid Login Test ********************
2025-12-01 01:46:13 INFO ***************** invalid Login Test is Pass ********************
2025-12-01 01:47:49 INFO ***************** Test_001_Login ********************
2025-12-01 01:47:49 INFO ***************** Verify Home Page Title ********************
2025-12-01 01:47:58 INFO ***************** Home Page Title is Pass ********************
2025-12-01 01:48:01 INFO ***************** Verify Login Test ********************
2025-12-01 01:48:16 INFO ***************** Login Test is Pass ********************
2025-12-01 01:48:21 INFO ***************** Verify invalid Login Test ********************
2025-12-01 01:48:32 INFO ***************** invalid Login Test is Pass ********************
2025-12-01 01:52:09 INFO ***************** Test_001_Login ********************
2025-12-01 01:52:09 INFO ***************** Verify Home Page Title ********************
2025-12-01 01:52:09 INFO ***************** Verify Login Test ********************
2025-12-01 01:52:09 INFO ***************** Verify invalid Login Test ********************
2025-12-01 01:52:22 INFO ***************** Home Page Title is Pass ********************
2025-12-01 01:52:27 INFO ***************** Login Test is Pass ********************
2025-12-01 01:52:29 INFO ***************** invalid Login Test is Pass ********************
2025-12-01 01:55:38 INFO ***************** Verify invalid Login Test ********************
2025-12-01 01:55:41 INFO ***************** Verify Login Test ********************
2025-12-01 01:55:41 INFO ***************** Test_001_Login ********************
2025-12-01 01:55:41 INFO ***************** Verify Home Page Title ********************
2025-12-01 01:55:57 INFO ***************** Home Page Title is Pass ********************
2025-12-01 01:56:10 INFO ***************** invalid Login Test is Pass ********************
2025-12-01 01:56:13 INFO ***************** Login Test is Pass ********************
2025-12-01 02:03:44 INFO ***************** Test_001_Login ********************
2025-12-01 02:03:44 INFO ***************** Verify Home Page Title ********************
2025-12-01 02:03:57 INFO ***************** Home Page Title is Pass ********************
2025-12-01 02:04:01 INFO ***************** Verify Login Test ********************
2025-12-01 02:04:16 INFO ***************** Login Test is Pass ********************
2025-12-01 02:04:21 INFO ***************** Verify invalid Login Test ********************
2025-12-01 02:04:34 INFO ***************** invalid Login Test is Pass ********************
2025-12-01 02:29:24 INFO ***************** Test_001_Login ********************
2025-12-01 02:29:24 INFO ***************** Verify Home Page Title ********************
2025-12-01 02:29:34 INFO ***************** Home Page Title is Pass ********************
2025-12-01 02:29:36 INFO ***************** Verify Login Test ********************
2025-12-01 02:29:53 INFO ***************** Login test is Fail ********************
2025-12-01 02:29:56 INFO ***************** Verify invalid Login Test ********************
2025-12-01 02:30:11 INFO ***************** invalid Login Test is Pass ********************
2025-12-01 22:50:29 INFO ***************** Verify Login Test ********************
2025-12-01 22:50:42 INFO ***************** Login DDt test is Pass ********************
2025-12-01 22:55:24 INFO ***************** Verify Login Test ********************
2025-12-01 22:55:35 INFO ***************** Login DDt test is Pass ********************
2025-12-01 23:04:01 INFO ***************** Verify Login Test ********************
2025-12-01 23:18:28 INFO ***************** Verify Login Test ********************
2025-12-01 23:30:23 INFO ***************** Verify Login Test ********************
2025-12-01 23:56:49 INFO ***************** Verify Login Test ********************
2025-12-01 23:57:02 INFO ***************** Login Test is Pass ********************
2025-12-01 23:57:06 INFO ***************** Login Test is Fail ********************
2025-12-02 00:28:18 INFO ***************** Verify Login Test ********************
2025-12-02 00:28:29 INFO ***************** Login Test is Pass ********************
2025-12-02 00:28:34 INFO ***************** Login Test is Fail ********************
2025-12-02 00:28:34 INFO ***************** End of Login DDT Test ********************
2025-12-02 00:28:34 INFO ***************** Completed test_Valid_Login_data_driven ********************
2025-12-03 23:47:47 INFO ***************** Test_001_Login ********************
2025-12-03 23:47:47 INFO ***************** Verify Home Page Title ********************
2025-12-03 23:47:55 INFO ***************** Home Page Title is Pass ********************
2025-12-03 23:47:57 INFO ***************** Verify Login Test ********************
2025-12-03 23:48:09 INFO ***************** Login test is Fail ********************
2025-12-03 23:48:11 INFO ***************** Verify invalid Login Test ********************
2025-12-03 23:48:23 INFO ***************** invalid Login Test is Pass ********************
2025-12-03 23:48:25 INFO ***************** Verify Login Test ********************
2025-12-03 23:48:36 INFO ***************** Login Test is Pass ********************
2025-12-03 23:48:41 INFO ***************** Login Test is Fail ********************
2025-12-03 23:48:41 INFO ***************** End of Login DDT Test ********************
2025-12-03 23:48:41 INFO ***************** Completed test_Valid_Login_data_driven ********************
2025-12-03 23:54:13 INFO ***************** Test_001_Login ********************
2025-12-03 23:54:13 INFO ***************** Verify Home Page Title ********************
2025-12-03 23:54:20 INFO ***************** Home Page Title is Pass ********************
2025-12-03 23:54:22 INFO ***************** Verify Login Test ********************
2025-12-03 23:54:34 INFO ***************** Login Test is Pass ********************
2025-12-03 23:54:38 INFO ***************** Verify invalid Login Test ********************
2025-12-03 23:54:49 INFO ***************** invalid Login Test is Pass ********************
2025-12-03 23:54:51 INFO ***************** Verify Login Test ********************
2025-12-03 23:55:06 INFO ***************** Login Test is Pass ********************
2025-12-03 23:55:12 INFO ***************** Login Test is Fail ********************
2025-12-03 23:55:12 INFO ***************** End of Login DDT Test ********************
2025-12-03 23:55:12 INFO ***************** Completed test_Valid_Login_data_driven ********************
2025-12-03 23:56:35 INFO ***************** Test_001_Login ********************
2025-12-03 23:56:35 INFO ***************** Verify Home Page Title ********************
2025-12-03 23:56:43 INFO ***************** Home Page Title is Pass ********************
2025-12-03 23:56:45 INFO ***************** Verify Login Test ********************
2025-12-03 23:56:58 INFO ***************** Login Test is Pass ********************
2025-12-03 23:57:01 INFO ***************** Verify invalid Login Test ********************
2025-12-03 23:57:12 INFO ***************** invalid Login Test is Pass ********************
2025-12-03 23:57:14 INFO ***************** Verify Login Test ********************
2025-12-03 23:57:26 INFO ***************** Login Test is Pass ********************
2025-12-03 23:57:30 INFO ***************** Login Test is Fail ********************
2025-12-03 23:57:30 INFO ***************** End of Login DDT Test ********************
2025-12-03 23:57:30 INFO ***************** Completed test_Valid_Login_data_driven ********************
2025-12-04 01:16:56 INFO ***************** Test_001_Login ********************
2025-12-04 01:16:56 INFO ***************** Verify Home Page Title ********************
2025-12-04 01:17:05 INFO ***************** Home Page Title is Pass ********************
2025-12-04 01:17:07 INFO ***************** Verify Login Test ********************
2025-12-04 01:17:20 INFO ***************** Login Test is Pass ********************
2025-12-04 01:17:26 INFO ***************** Verify invalid Login Test ********************
2025-12-04 01:17:39 INFO ***************** invalid Login Test is Pass ********************
2025-12-04 01:17:42 INFO ***************** Verify Login Test ********************
2025-12-04 01:17:53 INFO ***************** Login Test is Pass ********************
2025-12-04 01:18:00 INFO ***************** Login Test is Fail ********************
2025-12-04 01:18:00 INFO ***************** End of Login DDT Test ********************
2025-12-04 01:18:00 INFO ***************** Completed test_Valid_Login_data_driven ********************
2025-12-04 11:53:36 INFO ***************** Test_001_Login ********************
2025-12-04 11:53:36 INFO ***************** Verify Home Page Title ********************
2025-12-04 11:53:44 INFO ***************** Home Page Title is Pass ********************
2025-12-04 11:53:46 INFO ***************** Verify Login Test ********************
2025-12-04 11:53:58 INFO ***************** Login Test is Pass ********************
2025-12-04 11:54:01 INFO ***************** Verify invalid Login Test ********************
2025-12-04 11:54:15 INFO ***************** invalid Login Test is Pass ********************
2025-12-04 11:54:17 INFO ***************** Verify Login Test ********************
2025-12-04 11:54:31 INFO ***************** Login Test is Pass ********************
2025-12-04 11:54:37 INFO ***************** Login Test is Fail ********************
2025-12-04 11:54:37 INFO ***************** End of Login DDT Test ********************
2025-12-04 11:54:37 INFO ***************** Completed test_Valid_Login_data_driven ********************
2025-12-04 12:04:50 INFO ***************** Test_001_Login ********************
2025-12-04 12:04:50 INFO ***************** Verify Home Page Title ********************
2025-12-04 12:04:58 INFO ***************** Home Page Title is Pass ********************
2025-12-04 12:05:00 INFO ***************** Verify Login Test ********************
2025-12-04 12:05:13 INFO ***************** Login Test is Pass ********************
2025-12-04 12:05:16 INFO ***************** Verify invalid Login Test ********************
2025-12-04 12:05:28 INFO ***************** invalid Login Test is Pass ********************
2025-12-04 12:05:30 INFO ***************** Verify Login Test ********************
2025-12-04 12:05:42 INFO ***************** Login Test is Pass ********************
2025-12-04 12:05:48 INFO ***************** Login Test is Fail ********************
2025-12-04 12:05:48 INFO ***************** End of Login DDT Test ********************
2025-12-04 12:05:48 INFO ***************** Completed test_Valid_Login_data_driven ********************
2025-12-04 23:19:44 INFO ***************** Test_001_Login ********************
2025-12-04 23:19:44 INFO ***************** Verify Home Page Title ********************
2025-12-04 23:19:54 INFO ***************** Home Page Title is Pass ********************
2025-12-04 23:19:57 INFO ***************** Verify invalid Login Test ********************
2025-12-04 23:20:10 INFO ***************** invalid Login Test is Pass ********************
2025-12-04 23:20:13 INFO ***************** Verify Login Test ********************
2025-12-04 23:20:25 INFO ***************** Login Test is Pass ********************
2025-12-04 23:20:29 INFO ***************** Login Test is Fail ********************
2025-12-04 23:20:29 INFO ***************** End of Login DDT Test ********************
2025-12-04 23:20:29 INFO ***************** Completed test_Valid_Login_data_driven ********************
2025-12-04 23:22:32 INFO ***************** Test_001_Login ********************
2025-12-04 23:22:32 INFO ***************** Verify Home Page Title ********************
2025-12-04 23:22:39 INFO ***************** Home Page Title is Pass ********************
2025-12-04 23:22:42 INFO ***************** Verify Login Test ********************
2025-12-04 23:22:53 INFO ***************** Login Test is Pass ********************
2025-12-04 23:29:05 INFO ***************** Test_001_Login ********************
2025-12-04 23:29:05 INFO ***************** Verify Home Page Title ********************
2025-12-04 23:29:14 INFO ***************** Home Page Title is Pass ********************
2025-12-04 23:32:10 INFO ***************** Test_001_Login ********************
2025-12-04 23:32:10 INFO ***************** Verify Home Page Title ********************
2025-12-04 23:32:19 INFO ***************** Home Page Title is Pass ********************
2025-12-04 23:32:21 INFO ***************** Verify Login Test ********************
2025-12-04 23:32:38 INFO ***************** Login Test is Pass ********************
2025-12-04 23:32:42 INFO ***************** Verify invalid Login Test ********************
2025-12-04 23:32:53 INFO ***************** invalid Login Test is Pass ********************
2025-12-04 23:32:56 INFO ***************** Verify Login Test ********************
2025-12-04 23:33:09 INFO ***************** Login Test is Pass ********************
2025-12-04 23:33:15 INFO ***************** Login Test is Fail ********************
2025-12-04 23:33:15 INFO ***************** End of Login DDT Test ********************
2025-12-04 23:33:15 INFO ***************** Completed test_Valid_Login_data_driven ********************
2025-12-05 01:36:29 INFO ***************** Test_001_Login ********************
2025-12-05 01:36:29 INFO ***************** Verify Home Page Title ********************
2025-12-05 01:36:39 INFO ***************** Home Page Title is Pass ********************
2025-12-05 01:36:42 INFO ***************** Verify Login Test ********************
2025-12-05 01:36:58 INFO ***************** Login Test is Pass ********************
2025-12-05 01:37:04 INFO ***************** Verify invalid Login Test ********************
2025-12-05 01:37:18 INFO ***************** invalid Login Test is Pass ********************
2025-12-05 01:37:21 INFO ***************** Verify Login Test ********************
2025-12-05 01:37:35 INFO ***************** Login Test is Pass ********************
2025-12-05 01:37:42 INFO ***************** Login Test is Fail ********************
2025-12-05 01:37:42 INFO ***************** End of Login DDT Test ********************
2025-12-05 01:37:42 INFO ***************** Completed test_Valid_Login_data_driven ********************
2025-12-05 01:43:30 INFO ***************** Test_001_Login ********************
2025-12-05 01:43:30 INFO ***************** Verify Home Page Title ********************
2025-12-05 01:43:37 INFO ***************** Home Page Title is Pass ********************
2025-12-05 01:43:40 INFO ***************** Verify Login Test ********************
2025-12-05 01:43:53 INFO ***************** Login Test is Pass ********************
2025-12-24 00:24:38 WARNING The chromedriver version (142.0.7444.59) detected in PATH at C:\Program Files\Python313\Scripts\chromedriver.exe might not be compatible with the detected chrome version (143.0.7499.147); currently, chromedriver 143.0.7499.169 is recommended for chrome 143.*, so it is advised to delete the driver in PATH and retry
2025-12-24 00:24:41 INFO ***************** Verify Login Test ********************
2025-12-24 00:24:56 INFO ***************** Login Test is Pass ********************
2025-12-24 00:25:00 INFO ***************** Login Test is Fail ********************
2025-12-24 00:25:00 INFO ***************** End of Login DDT Test ********************
2025-12-24 00:25:00 INFO ***************** Completed test_Valid_Login_data_driven ********************
2025-12-24 00:26:48 WARNING The chromedriver version (142.0.7444.59) detected in PATH at C:\Program Files\Python313\Scripts\chromedriver.exe might not be compatible with the detected chrome version (143.0.7499.147); currently, chromedriver 143.0.7499.169 is recommended for chrome 143.*, so it is advised to delete the driver in PATH and retry
2025-12-24 00:26:50 INFO ***************** Verify Login Test ********************
2025-12-24 00:27:04 INFO ***************** Login Test is Pass ********************
2025-12-24 00:27:08 INFO ***************** Login Test is Fail ********************
2025-12-24 00:27:08 INFO ***************** End of Login DDT Test ********************
2025-12-24 00:27:08 INFO ***************** Completed test_Valid_Login_data_driven ********************
